[ 2018-07-26T17:43:09+08:00 ] 127.0.0.1 /Backend
INFO: [ app_init ] --START--
INFO: Run Behavior\BuildLiteBehavior [ RunTime:0.000000s ]
INFO: [ app_init ] --END-- [ RunTime:0.001000s ]
INFO: [ app_begin ] --START--
INFO: Run Behavior\ReadHtmlCacheBehavior [ RunTime:0.000000s ]
INFO: [ app_begin ] --END-- [ RunTime:0.000000s ]
NOTIC: [2] json_decode() expects parameter 1 to be string, array given D:\workspace\wakuang-app\code\api\App\Common\Common\Redis.class.php 第 63 行.
NOTIC: [8] Undefined offset: 1 D:\workspace\wakuang-app\code\api\App\Common\Common\Authorized.class.php 第 97 行.
NOTIC: [8] Undefined offset: 2 D:\workspace\wakuang-app\code\api\App\Common\Common\Authorized.class.php 第 98 行.
NOTIC: [8] Undefined offset: 3 D:\workspace\wakuang-app\code\api\App\Common\Common\Authorized.class.php 第 99 行.
NOTIC: [8] Undefined offset: 4 D:\workspace\wakuang-app\code\api\App\Common\Common\Authorized.class.php 第 100 行.
NOTIC: [8] Undefined index: key D:\workspace\wakuang-app\code\api\App\Backend\Controller\BaseEndController.class.php 第 38 行.
NOTIC: [8] Undefined index: token D:\workspace\wakuang-app\code\api\App\Backend\Controller\BaseEndController.class.php 第 38 行.
NOTIC: [8] Undefined index: HTTPS D:\workspace\wakuang-app\code\api\App\Backend\Controller\BaseEndController.class.php 第 72 行.

[ 2018-07-26T17:43:09+08:00 ] 127.0.0.1 /Backend/Login/login
INFO: [ app_init ] --START--
INFO: Run Behavior\BuildLiteBehavior [ RunTime:0.000000s ]
INFO: [ app_init ] --END-- [ RunTime:0.000000s ]
INFO: [ app_begin ] --START--
INFO: Run Behavior\ReadHtmlCacheBehavior [ RunTime:0.001000s ]
INFO: [ app_begin ] --END-- [ RunTime:0.001000s ]
INFO: [ view_parse ] --START--
INFO: [ template_filter ] --START--
INFO: Run Behavior\ContentReplaceBehavior [ RunTime:0.000000s ]
INFO: [ template_filter ] --END-- [ RunTime:0.000000s ]
INFO: Run Behavior\ParseTemplateBehavior [ RunTime:0.038002s ]
INFO: [ view_parse ] --END-- [ RunTime:0.038002s ]
INFO: [ view_filter ] --START--
INFO: Run Behavior\WriteHtmlCacheBehavior [ RunTime:0.011000s ]
INFO: [ view_filter ] --END-- [ RunTime:0.011000s ]
INFO: [ app_end ] --START--
INFO: Run Behavior\ShowPageTraceBehavior [ RunTime:0.001000s ]
INFO: [ app_end ] --END-- [ RunTime:0.001000s ]

[ 2018-07-26T17:43:10+08:00 ] 127.0.0.1 /Backend/Login/verifyImage/
INFO: [ app_init ] --START--
INFO: Run Behavior\BuildLiteBehavior [ RunTime:0.001000s ]
INFO: [ app_init ] --END-- [ RunTime:0.001000s ]
INFO: [ app_begin ] --START--
INFO: Run Behavior\ReadHtmlCacheBehavior [ RunTime:0.000000s ]
INFO: [ app_begin ] --END-- [ RunTime:0.000000s ]
INFO: [ app_end ] --START--
INFO: Run Behavior\ShowPageTraceBehavior [ RunTime:0.000000s ]
INFO: [ app_end ] --END-- [ RunTime:0.000000s ]

[ 2018-07-26T18:12:39+08:00 ] 127.0.0.1 /Backend/
INFO: [ app_init ] --START--
INFO: Run Behavior\BuildLiteBehavior [ RunTime:0.000000s ]
INFO: [ app_init ] --END-- [ RunTime:0.000000s ]
INFO: [ app_begin ] --START--
INFO: Run Behavior\ReadHtmlCacheBehavior [ RunTime:0.001001s ]
INFO: [ app_begin ] --END-- [ RunTime:0.001001s ]
NOTIC: [2] json_decode() expects parameter 1 to be string, array given D:\workspace\wakuang-app\code\api\App\Common\Common\Redis.class.php 第 63 行.
NOTIC: [8] Undefined offset: 1 D:\workspace\wakuang-app\code\api\App\Common\Common\Authorized.class.php 第 97 行.
NOTIC: [8] Undefined offset: 2 D:\workspace\wakuang-app\code\api\App\Common\Common\Authorized.class.php 第 98 行.
NOTIC: [8] Undefined offset: 3 D:\workspace\wakuang-app\code\api\App\Common\Common\Authorized.class.php 第 99 行.
NOTIC: [8] Undefined offset: 4 D:\workspace\wakuang-app\code\api\App\Common\Common\Authorized.class.php 第 100 行.
NOTIC: [8] Undefined index: key D:\workspace\wakuang-app\code\api\App\Backend\Controller\BaseEndController.class.php 第 38 行.
NOTIC: [8] Undefined index: token D:\workspace\wakuang-app\code\api\App\Backend\Controller\BaseEndController.class.php 第 38 行.
NOTIC: [8] Undefined index: HTTPS D:\workspace\wakuang-app\code\api\App\Backend\Controller\BaseEndController.class.php 第 72 行.

[ 2018-07-26T18:12:39+08:00 ] 127.0.0.1 /Backend/Login/login
INFO: [ app_init ] --START--
INFO: Run Behavior\BuildLiteBehavior [ RunTime:0.000000s ]
INFO: [ app_init ] --END-- [ RunTime:0.000000s ]
INFO: [ app_begin ] --START--
INFO: Run Behavior\ReadHtmlCacheBehavior [ RunTime:0.001000s ]
INFO: [ app_begin ] --END-- [ RunTime:0.001000s ]
INFO: [ view_parse ] --START--
INFO: [ template_filter ] --START--
INFO: Run Behavior\ContentReplaceBehavior [ RunTime:0.000000s ]
INFO: [ template_filter ] --END-- [ RunTime:0.000000s ]
INFO: Run Behavior\ParseTemplateBehavior [ RunTime:0.011001s ]
INFO: [ view_parse ] --END-- [ RunTime:0.011001s ]
INFO: [ view_filter ] --START--
INFO: Run Behavior\WriteHtmlCacheBehavior [ RunTime:0.001000s ]
INFO: [ view_filter ] --END-- [ RunTime:0.001000s ]
INFO: [ app_end ] --START--
INFO: Run Behavior\ShowPageTraceBehavior [ RunTime:0.000000s ]
INFO: [ app_end ] --END-- [ RunTime:0.000000s ]

[ 2018-07-26T18:12:39+08:00 ] 127.0.0.1 /Backend/Login/verifyImage/
INFO: [ app_init ] --START--
INFO: Run Behavior\BuildLiteBehavior [ RunTime:0.000000s ]
INFO: [ app_init ] --END-- [ RunTime:0.000000s ]
INFO: [ app_begin ] --START--
INFO: Run Behavior\ReadHtmlCacheBehavior [ RunTime:0.000000s ]
INFO: [ app_begin ] --END-- [ RunTime:0.000000s ]
INFO: [ app_end ] --START--
INFO: Run Behavior\ShowPageTraceBehavior [ RunTime:0.001000s ]
INFO: [ app_end ] --END-- [ RunTime:0.001000s ]

[ 2018-07-26T18:13:01+08:00 ] 127.0.0.1 /Backend/confi
INFO: [ app_init ] --START--
INFO: Run Behavior\BuildLiteBehavior [ RunTime:0.000000s ]
INFO: [ app_init ] --END-- [ RunTime:0.000000s ]
INFO: [ app_begin ] --START--
INFO: Run Behavior\ReadHtmlCacheBehavior [ RunTime:0.001000s ]
INFO: [ app_begin ] --END-- [ RunTime:0.001000s ]
ERR: 无法加载控制器:Confi

[ 2018-07-26T18:13:05+08:00 ] 127.0.0.1 /Backend/Conf
INFO: [ app_init ] --START--
INFO: Run Behavior\BuildLiteBehavior [ RunTime:0.000000s ]
INFO: [ app_init ] --END-- [ RunTime:0.001000s ]
INFO: [ app_begin ] --START--
INFO: Run Behavior\ReadHtmlCacheBehavior [ RunTime:0.001001s ]
INFO: [ app_begin ] --END-- [ RunTime:0.001001s ]
ERR: 无法加载控制器:Conf

[ 2018-07-26T18:13:10+08:00 ] 127.0.0.1 /Backend/Conf/config
INFO: [ app_init ] --START--
INFO: Run Behavior\BuildLiteBehavior [ RunTime:0.000000s ]
INFO: [ app_init ] --END-- [ RunTime:0.000000s ]
INFO: [ app_begin ] --START--
INFO: Run Behavior\ReadHtmlCacheBehavior [ RunTime:0.000000s ]
INFO: [ app_begin ] --END-- [ RunTime:0.000000s ]
ERR: 无法加载控制器:Conf

[ 2018-07-26T18:13:14+08:00 ] 127.0.0.1 /Backend
INFO: [ app_init ] --START--
INFO: Run Behavior\BuildLiteBehavior [ RunTime:0.000000s ]
INFO: [ app_init ] --END-- [ RunTime:0.000000s ]
INFO: [ app_begin ] --START--
INFO: Run Behavior\ReadHtmlCacheBehavior [ RunTime:0.001000s ]
INFO: [ app_begin ] --END-- [ RunTime:0.001000s ]
NOTIC: [2] json_decode() expects parameter 1 to be string, array given D:\workspace\wakuang-app\code\api\App\Common\Common\Redis.class.php 第 63 行.
NOTIC: [8] Undefined offset: 1 D:\workspace\wakuang-app\code\api\App\Common\Common\Authorized.class.php 第 97 行.
NOTIC: [8] Undefined offset: 2 D:\workspace\wakuang-app\code\api\App\Common\Common\Authorized.class.php 第 98 行.
NOTIC: [8] Undefined offset: 3 D:\workspace\wakuang-app\code\api\App\Common\Common\Authorized.class.php 第 99 行.
NOTIC: [8] Undefined offset: 4 D:\workspace\wakuang-app\code\api\App\Common\Common\Authorized.class.php 第 100 行.
NOTIC: [8] Undefined index: key D:\workspace\wakuang-app\code\api\App\Backend\Controller\BaseEndController.class.php 第 38 行.
NOTIC: [8] Undefined index: token D:\workspace\wakuang-app\code\api\App\Backend\Controller\BaseEndController.class.php 第 38 行.
NOTIC: [8] Undefined index: HTTPS D:\workspace\wakuang-app\code\api\App\Backend\Controller\BaseEndController.class.php 第 72 行.

[ 2018-07-26T18:13:14+08:00 ] 127.0.0.1 /Backend/Login/login
INFO: [ app_init ] --START--
INFO: Run Behavior\BuildLiteBehavior [ RunTime:0.000000s ]
INFO: [ app_init ] --END-- [ RunTime:0.000000s ]
INFO: [ app_begin ] --START--
INFO: Run Behavior\ReadHtmlCacheBehavior [ RunTime:0.000000s ]
INFO: [ app_begin ] --END-- [ RunTime:0.000000s ]
INFO: [ view_parse ] --START--
INFO: [ template_filter ] --START--
INFO: Run Behavior\ContentReplaceBehavior [ RunTime:0.000000s ]
INFO: [ template_filter ] --END-- [ RunTime:0.000000s ]
INFO: Run Behavior\ParseTemplateBehavior [ RunTime:0.005001s ]
INFO: [ view_parse ] --END-- [ RunTime:0.005001s ]
INFO: [ view_filter ] --START--
INFO: Run Behavior\WriteHtmlCacheBehavior [ RunTime:0.001000s ]
INFO: [ view_filter ] --END-- [ RunTime:0.001000s ]
INFO: [ app_end ] --START--
INFO: Run Behavior\ShowPageTraceBehavior [ RunTime:0.000000s ]
INFO: [ app_end ] --END-- [ RunTime:0.000000s ]

[ 2018-07-26T18:13:14+08:00 ] 127.0.0.1 /Backend/Login/verifyImage/
INFO: [ app_init ] --START--
INFO: Run Behavior\BuildLiteBehavior [ RunTime:0.000000s ]
INFO: [ app_init ] --END-- [ RunTime:0.000000s ]
INFO: [ app_begin ] --START--
INFO: Run Behavior\ReadHtmlCacheBehavior [ RunTime:0.001001s ]
INFO: [ app_begin ] --END-- [ RunTime:0.001001s ]
INFO: [ app_end ] --START--
INFO: Run Behavior\ShowPageTraceBehavior [ RunTime:0.001000s ]
INFO: [ app_end ] --END-- [ RunTime:0.001000s ]

