[ 2018-08-02T15:35:22+08:00 ] 127.0.0.1 /mobileApi?service=user.login
INFO: [ app_init ] --START--
INFO: Run Behavior\BuildLiteBehavior [ RunTime:0.000000s ]
INFO: [ app_init ] --END-- [ RunTime:0.001000s ]
INFO: [ app_begin ] --START--
INFO: Run Behavior\ReadHtmlCacheBehavior [ RunTime:0.001000s ]
INFO: [ app_begin ] --END-- [ RunTime:0.001000s ]
NOTIC: [2] session_start(): Cannot send session cookie - headers already sent D:\workspace\wakuang-app\code\api\ThinkPHP\Common\functions.php 第 1263 行.
NOTIC: [2] session_start(): Cannot send session cache limiter - headers already sent D:\workspace\wakuang-app\code\api\ThinkPHP\Common\functions.php 第 1263 行.
NOTIC: [2] json_decode() expects parameter 1 to be string, array given D:\workspace\wakuang-app\code\api\App\Common\Common\Redis.class.php 第 63 行.
NOTIC: [2] Cannot modify header information - headers already sent D:\workspace\wakuang-app\code\api\App\Service\Api\Response\BaseResponse.class.php 第 152 行.
INFO: [ app_end ] --START--
INFO: Run Behavior\ShowPageTraceBehavior [ RunTime:0.000000s ]
INFO: [ app_end ] --END-- [ RunTime:0.000000s ]

[ 2018-08-02T15:35:58+08:00 ] 127.0.0.1 /mobileApi?service=user.login
INFO: [ app_init ] --START--
INFO: Run Behavior\BuildLiteBehavior [ RunTime:0.000000s ]
INFO: [ app_init ] --END-- [ RunTime:0.000000s ]
INFO: [ app_begin ] --START--
INFO: Run Behavior\ReadHtmlCacheBehavior [ RunTime:0.000000s ]
INFO: [ app_begin ] --END-- [ RunTime:0.000000s ]
NOTIC: [2] json_decode() expects parameter 1 to be string, array given D:\workspace\wakuang-app\code\api\App\Common\Common\Redis.class.php 第 63 行.
INFO: [ app_end ] --START--
INFO: Run Behavior\ShowPageTraceBehavior [ RunTime:0.001000s ]
INFO: [ app_end ] --END-- [ RunTime:0.001000s ]

[ 2018-08-02T15:36:50+08:00 ] 127.0.0.1 /mobileApi?service=user.login?token=sdfsdfsd
INFO: [ app_init ] --START--
INFO: Run Behavior\BuildLiteBehavior [ RunTime:0.000000s ]
INFO: [ app_init ] --END-- [ RunTime:0.001000s ]
INFO: [ app_begin ] --START--
INFO: Run Behavior\ReadHtmlCacheBehavior [ RunTime:0.000000s ]
INFO: [ app_begin ] --END-- [ RunTime:0.000000s ]
NOTIC: [2] session_start(): Cannot send session cookie - headers already sent D:\workspace\wakuang-app\code\api\ThinkPHP\Common\functions.php 第 1263 行.
NOTIC: [2] session_start(): Cannot send session cache limiter - headers already sent D:\workspace\wakuang-app\code\api\ThinkPHP\Common\functions.php 第 1263 行.
NOTIC: [2] json_decode() expects parameter 1 to be string, array given D:\workspace\wakuang-app\code\api\App\Common\Common\Redis.class.php 第 63 行.
NOTIC: [2] Cannot modify header information - headers already sent D:\workspace\wakuang-app\code\api\App\Service\Api\Response\BaseResponse.class.php 第 152 行.
INFO: [ app_end ] --START--
INFO: Run Behavior\ShowPageTraceBehavior [ RunTime:0.000000s ]
INFO: [ app_end ] --END-- [ RunTime:0.000000s ]

[ 2018-08-02T15:37:16+08:00 ] 127.0.0.1 /mobileApi?service=user.login&token=sdfsdfsd
INFO: [ app_init ] --START--
INFO: Run Behavior\BuildLiteBehavior [ RunTime:0.000000s ]
INFO: [ app_init ] --END-- [ RunTime:0.000000s ]
INFO: [ app_begin ] --START--
INFO: Run Behavior\ReadHtmlCacheBehavior [ RunTime:0.000000s ]
INFO: [ app_begin ] --END-- [ RunTime:0.000000s ]
NOTIC: [2] session_start(): Cannot send session cookie - headers already sent D:\workspace\wakuang-app\code\api\ThinkPHP\Common\functions.php 第 1263 行.
NOTIC: [2] session_start(): Cannot send session cache limiter - headers already sent D:\workspace\wakuang-app\code\api\ThinkPHP\Common\functions.php 第 1263 行.
NOTIC: [2] json_decode() expects parameter 1 to be string, array given D:\workspace\wakuang-app\code\api\App\Common\Common\Redis.class.php 第 63 行.
NOTIC: [2] Cannot modify header information - headers already sent D:\workspace\wakuang-app\code\api\App\Service\Api\Response\BaseResponse.class.php 第 152 行.
INFO: [ app_end ] --START--
INFO: Run Behavior\ShowPageTraceBehavior [ RunTime:0.001000s ]
INFO: [ app_end ] --END-- [ RunTime:0.001000s ]

[ 2018-08-02T15:38:14+08:00 ] 127.0.0.1 /mobileApi?service=user.login
INFO: [ app_init ] --START--
INFO: Run Behavior\BuildLiteBehavior [ RunTime:0.000000s ]
INFO: [ app_init ] --END-- [ RunTime:0.001000s ]
INFO: [ app_begin ] --START--
INFO: Run Behavior\ReadHtmlCacheBehavior [ RunTime:0.000000s ]
INFO: [ app_begin ] --END-- [ RunTime:0.001000s ]
NOTIC: [2] json_decode() expects parameter 1 to be string, array given D:\workspace\wakuang-app\code\api\App\Common\Common\Redis.class.php 第 63 行.
SQL: SHOW COLUMNS FROM `d_user` [ RunTime:0.0030s ]
SQL: SHOW COLUMNS FROM `d_user_login_count` [ RunTime:0.0010s ]
SQL: SELECT `user_id`,`phone`,`user_sex`,`reg_datetime` FROM `d_user` WHERE `phone` = '15768118003' AND `password` = '9c003f33d62105c44ca52ecfb81413de' AND `user_status` = 1 LIMIT 1   [ RunTime:0.0010s ]
SQL: SHOW COLUMNS FROM `d_user_action_log` [ RunTime:0.0010s ]
SQL: INSERT INTO `d_user_action_log` (`user_id`,`phone`,`log_ip`,`action`,`ret`,`terminal`,`add_datetime`) VALUES ('59','15768118003','127.0.0.1','用户登录','登录成功','3','1533195494') [ RunTime:0.0000s ]
SQL: SHOW COLUMNS FROM `d_user` [ RunTime:0.0020s ]
SQL: SHOW COLUMNS FROM `d_user_login_count` [ RunTime:0.0010s ]
SQL: SELECT `user_key` FROM `d_user` WHERE `user_id` = 59 AND `user_status` = 1 LIMIT 1   [ RunTime:0.0010s ]
INFO: [ app_end ] --START--
INFO: Run Behavior\ShowPageTraceBehavior [ RunTime:0.001000s ]
INFO: [ app_end ] --END-- [ RunTime:0.001000s ]

[ 2018-08-02T16:11:36+08:00 ] 127.0.0.1 /mobileApi?service=user.login
INFO: [ app_init ] --START--
INFO: Run Behavior\BuildLiteBehavior [ RunTime:0.000000s ]
INFO: [ app_init ] --END-- [ RunTime:0.000000s ]
INFO: [ app_begin ] --START--
INFO: Run Behavior\ReadHtmlCacheBehavior [ RunTime:0.000000s ]
INFO: [ app_begin ] --END-- [ RunTime:0.000000s ]
NOTIC: [2] json_decode() expects parameter 1 to be string, array given D:\workspace\wakuang-app\code\api\App\Common\Common\Redis.class.php 第 63 行.
SQL: SHOW COLUMNS FROM `d_user` [ RunTime:0.0020s ]
SQL: SHOW COLUMNS FROM `d_user_login_count` [ RunTime:0.0010s ]
SQL: SELECT `user_id`,`phone`,`user_sex`,`reg_datetime` FROM `d_user` WHERE `phone` = '15768118003' AND `password` = '9c003f33d62105c44ca52ecfb81413de' AND `user_status` = 1 LIMIT 1   [ RunTime:0.0000s ]
SQL: SHOW COLUMNS FROM `d_user_action_log` [ RunTime:0.0010s ]
SQL: INSERT INTO `d_user_action_log` (`user_id`,`phone`,`log_ip`,`action`,`ret`,`terminal`,`add_datetime`) VALUES ('59','15768118003','127.0.0.1','用户登录','登录成功','3','1533197496') [ RunTime:0.0010s ]
SQL: SHOW COLUMNS FROM `d_user` [ RunTime:0.0010s ]
SQL: SHOW COLUMNS FROM `d_user_login_count` [ RunTime:0.0050s ]
SQL: SELECT `user_key` FROM `d_user` WHERE `user_id` = 59 AND `user_status` = 1 LIMIT 1   [ RunTime:0.0040s ]
INFO: [ app_end ] --START--
INFO: Run Behavior\ShowPageTraceBehavior [ RunTime:0.000000s ]
INFO: [ app_end ] --END-- [ RunTime:0.000000s ]

[ 2018-08-02T16:13:50+08:00 ] 127.0.0.1 /mobileApi?service=user.login
INFO: [ app_init ] --START--
INFO: Run Behavior\BuildLiteBehavior [ RunTime:0.000000s ]
INFO: [ app_init ] --END-- [ RunTime:0.000000s ]
INFO: [ app_begin ] --START--
INFO: Run Behavior\ReadHtmlCacheBehavior [ RunTime:0.000000s ]
INFO: [ app_begin ] --END-- [ RunTime:0.000000s ]
NOTIC: [2] json_decode() expects parameter 1 to be string, array given D:\workspace\wakuang-app\code\api\App\Common\Common\Redis.class.php 第 63 行.
SQL: SHOW COLUMNS FROM `d_user` [ RunTime:0.0010s ]
SQL: SHOW COLUMNS FROM `d_user_login_count` [ RunTime:0.0010s ]
SQL: SELECT `user_id`,`phone`,`user_sex`,`reg_datetime` FROM `d_user` WHERE `phone` = '15768118003' AND `password` = '9c003f33d62105c44ca52ecfb81413de' AND `user_status` = 1 LIMIT 1   [ RunTime:0.0000s ]
SQL: SHOW COLUMNS FROM `d_user_action_log` [ RunTime:0.0010s ]
SQL: INSERT INTO `d_user_action_log` (`user_id`,`phone`,`log_ip`,`action`,`ret`,`terminal`,`add_datetime`) VALUES ('59','15768118003','127.0.0.1','用户登录','登录成功','3','1533197630') [ RunTime:0.0010s ]
SQL: SHOW COLUMNS FROM `d_user` [ RunTime:0.0010s ]
SQL: SHOW COLUMNS FROM `d_user_login_count` [ RunTime:0.0010s ]
SQL: SELECT `user_key` FROM `d_user` WHERE `user_id` = 59 AND `user_status` = 1 LIMIT 1   [ RunTime:0.0010s ]
INFO: [ app_end ] --START--
INFO: Run Behavior\ShowPageTraceBehavior [ RunTime:0.001000s ]
INFO: [ app_end ] --END-- [ RunTime:0.001000s ]

