[ 2018-08-15T16:16:30+08:00 ] 127.0.0.1 /mobileApi/index?service=User.handldMailList
INFO: [ app_init ] --START--
INFO: Run Behavior\BuildLiteBehavior [ RunTime:0.000000s ]
INFO: [ app_init ] --END-- [ RunTime:0.110006s ]
INFO: [ app_begin ] --START--
INFO: Run Behavior\ReadHtmlCacheBehavior [ RunTime:0.016001s ]
INFO: [ app_begin ] --END-- [ RunTime:0.016001s ]
NOTIC: [2] json_decode() expects parameter 1 to be string, array given D:\workspace\wakuang-app\code\api\App\Common\Common\Redis.class.php 第 63 行.
INFO: [ app_end ] --START--
INFO: Run Behavior\ShowPageTraceBehavior [ RunTime:0.023001s ]
INFO: [ app_end ] --END-- [ RunTime:0.023001s ]

[ 2018-08-15T16:17:23+08:00 ] 127.0.0.1 /mobileApi/index?service=User.login
INFO: [ app_init ] --START--
INFO: Run Behavior\BuildLiteBehavior [ RunTime:0.000000s ]
INFO: [ app_init ] --END-- [ RunTime:0.001000s ]
INFO: [ app_begin ] --START--
INFO: Run Behavior\ReadHtmlCacheBehavior [ RunTime:0.001000s ]
INFO: [ app_begin ] --END-- [ RunTime:0.001000s ]
NOTIC: [2] json_decode() expects parameter 1 to be string, array given D:\workspace\wakuang-app\code\api\App\Common\Common\Redis.class.php 第 63 行.
SQL: SHOW COLUMNS FROM `d_user` [ RunTime:0.0020s ]
SQL: SHOW COLUMNS FROM `d_user_login_count` [ RunTime:0.0010s ]
SQL: SELECT `user_id`,`phone`,`user_sex`,`reg_datetime` FROM `d_user` WHERE `phone` = '15768118003' AND `password` = '9fe00b7142d4f0308132f959b9372de9' AND `user_status` = 1 LIMIT 1   [ RunTime:0.0010s ]
SQL: SHOW COLUMNS FROM `d_user_action_log` [ RunTime:0.0010s ]
SQL: INSERT INTO `d_user_action_log` (`user_id`,`phone`,`log_ip`,`action`,`ret`,`terminal`,`add_datetime`) VALUES ('85','15768118003','127.0.0.1','用户登录','登录成功','3','1534321042') [ RunTime:0.0010s ]
SQL: SHOW COLUMNS FROM `d_user` [ RunTime:0.0010s ]
SQL: SHOW COLUMNS FROM `d_user_login_count` [ RunTime:0.0010s ]
SQL: SELECT `user_key` FROM `d_user` WHERE `user_id` = 85 AND `user_status` = 1 LIMIT 1   [ RunTime:0.0000s ]
INFO: [ app_end ] --START--
INFO: Run Behavior\ShowPageTraceBehavior [ RunTime:0.002000s ]
INFO: [ app_end ] --END-- [ RunTime:0.002000s ]

[ 2018-08-15T16:19:27+08:00 ] 127.0.0.1 /mobileApi/index?service=User.handldMailList
INFO: [ app_init ] --START--
INFO: Run Behavior\BuildLiteBehavior [ RunTime:0.000000s ]
INFO: [ app_init ] --END-- [ RunTime:0.000000s ]
INFO: [ app_begin ] --START--
INFO: Run Behavior\ReadHtmlCacheBehavior [ RunTime:0.000000s ]
INFO: [ app_begin ] --END-- [ RunTime:0.000000s ]
NOTIC: [2] json_decode() expects parameter 1 to be string, array given D:\workspace\wakuang-app\code\api\App\Common\Common\Redis.class.php 第 63 行.
NOTIC: [2] json_decode() expects parameter 1 to be string, array given D:\workspace\wakuang-app\code\api\App\Common\Common\Redis.class.php 第 63 行.
SQL: SHOW COLUMNS FROM `d_user_maillist` [ RunTime:0.0010s ]
SQL: SELECT `phone` FROM `d_user_maillist` WHERE `user_id` = 85  [ RunTime:0.0000s ]
NOTIC: [2] Invalid argument supplied for foreach() D:\workspace\wakuang-app\code\api\App\MobileApi\Api\ApiUser.class.php 第 1033 行.
INFO: [ app_end ] --START--
INFO: Run Behavior\ShowPageTraceBehavior [ RunTime:0.000000s ]
INFO: [ app_end ] --END-- [ RunTime:0.000000s ]

[ 2018-08-15T16:20:55+08:00 ] 127.0.0.1 /mobileApi/index?service=User.handldMailList
INFO: [ app_init ] --START--
INFO: Run Behavior\BuildLiteBehavior [ RunTime:0.000000s ]
INFO: [ app_init ] --END-- [ RunTime:0.000000s ]
INFO: [ app_begin ] --START--
INFO: Run Behavior\ReadHtmlCacheBehavior [ RunTime:0.000000s ]
INFO: [ app_begin ] --END-- [ RunTime:0.000000s ]
NOTIC: [2] json_decode() expects parameter 1 to be string, array given D:\workspace\wakuang-app\code\api\App\Common\Common\Redis.class.php 第 63 行.
NOTIC: [2] json_decode() expects parameter 1 to be string, array given D:\workspace\wakuang-app\code\api\App\Common\Common\Redis.class.php 第 63 行.
SQL: SHOW COLUMNS FROM `d_user_maillist` [ RunTime:0.0010s ]
SQL: SELECT `phone` FROM `d_user_maillist` WHERE `user_id` = 85  [ RunTime:0.0000s ]
NOTIC: [2] Invalid argument supplied for foreach() D:\workspace\wakuang-app\code\api\App\MobileApi\Api\ApiUser.class.php 第 1033 行.
INFO: [ app_end ] --START--
INFO: Run Behavior\ShowPageTraceBehavior [ RunTime:0.001000s ]
INFO: [ app_end ] --END-- [ RunTime:0.001000s ]

[ 2018-08-15T16:22:11+08:00 ] 127.0.0.1 /mobileApi/index?service=User.login
INFO: [ app_init ] --START--
INFO: Run Behavior\BuildLiteBehavior [ RunTime:0.000000s ]
INFO: [ app_init ] --END-- [ RunTime:0.001000s ]
INFO: [ app_begin ] --START--
INFO: Run Behavior\ReadHtmlCacheBehavior [ RunTime:0.000000s ]
INFO: [ app_begin ] --END-- [ RunTime:0.000000s ]
NOTIC: [2] json_decode() expects parameter 1 to be string, array given D:\workspace\wakuang-app\code\api\App\Common\Common\Redis.class.php 第 63 行.
SQL: SHOW COLUMNS FROM `d_user` [ RunTime:0.0010s ]
SQL: SHOW COLUMNS FROM `d_user_login_count` [ RunTime:0.0010s ]
SQL: SELECT `user_id`,`phone`,`user_sex`,`reg_datetime` FROM `d_user` WHERE `phone` = '15768118003' AND `password` = '9c003f33d62105c44ca52ecfb81413de' AND `user_status` = 1 LIMIT 1   [ RunTime:0.0010s ]
INFO: [ app_end ] --START--
INFO: Run Behavior\ShowPageTraceBehavior [ RunTime:0.000000s ]
INFO: [ app_end ] --END-- [ RunTime:0.000000s ]

[ 2018-08-15T16:22:43+08:00 ] 127.0.0.1 /mobileApi/index?service=User.login
INFO: [ app_init ] --START--
INFO: Run Behavior\BuildLiteBehavior [ RunTime:0.000000s ]
INFO: [ app_init ] --END-- [ RunTime:0.000000s ]
INFO: [ app_begin ] --START--
INFO: Run Behavior\ReadHtmlCacheBehavior [ RunTime:0.000000s ]
INFO: [ app_begin ] --END-- [ RunTime:0.000000s ]
NOTIC: [2] json_decode() expects parameter 1 to be string, array given D:\workspace\wakuang-app\code\api\App\Common\Common\Redis.class.php 第 63 行.
SQL: SHOW COLUMNS FROM `d_user` [ RunTime:0.0020s ]
SQL: SHOW COLUMNS FROM `d_user_login_count` [ RunTime:0.0010s ]
SQL: SELECT `user_id`,`phone`,`user_sex`,`reg_datetime` FROM `d_user` WHERE `phone` = '15768118003' AND `password` = '9fe00b7142d4f0308132f959b9372de9' AND `user_status` = 1 LIMIT 1   [ RunTime:0.0010s ]
SQL: SHOW COLUMNS FROM `d_user_action_log` [ RunTime:0.0010s ]
SQL: INSERT INTO `d_user_action_log` (`user_id`,`phone`,`log_ip`,`action`,`ret`,`terminal`,`add_datetime`) VALUES ('85','15768118003','127.0.0.1','用户登录','登录成功','3','1534321363') [ RunTime:0.0010s ]
SQL: SHOW COLUMNS FROM `d_user` [ RunTime:0.0010s ]
SQL: SHOW COLUMNS FROM `d_user_login_count` [ RunTime:0.0010s ]
SQL: SELECT `user_key` FROM `d_user` WHERE `user_id` = 85 AND `user_status` = 1 LIMIT 1   [ RunTime:0.0000s ]
INFO: [ app_end ] --START--
INFO: Run Behavior\ShowPageTraceBehavior [ RunTime:0.001000s ]
INFO: [ app_end ] --END-- [ RunTime:0.001000s ]

[ 2018-08-15T16:23:26+08:00 ] 127.0.0.1 /mobileApi/index?service=User.handldMailList
INFO: [ app_init ] --START--
INFO: Run Behavior\BuildLiteBehavior [ RunTime:0.000000s ]
INFO: [ app_init ] --END-- [ RunTime:0.000000s ]
INFO: [ app_begin ] --START--
INFO: Run Behavior\ReadHtmlCacheBehavior [ RunTime:0.001001s ]
INFO: [ app_begin ] --END-- [ RunTime:0.001001s ]
NOTIC: [2] json_decode() expects parameter 1 to be string, array given D:\workspace\wakuang-app\code\api\App\Common\Common\Redis.class.php 第 63 行.
NOTIC: [2] json_decode() expects parameter 1 to be string, array given D:\workspace\wakuang-app\code\api\App\Common\Common\Redis.class.php 第 63 行.
SQL: SHOW COLUMNS FROM `d_user_maillist` [ RunTime:0.0010s ]
SQL: SELECT `phone` FROM `d_user_maillist` WHERE `user_id` = 85  [ RunTime:0.0000s ]
NOTIC: [2] Invalid argument supplied for foreach() D:\workspace\wakuang-app\code\api\App\MobileApi\Api\ApiUser.class.php 第 1033 行.
INFO: [ app_end ] --START--
INFO: Run Behavior\ShowPageTraceBehavior [ RunTime:0.001000s ]
INFO: [ app_end ] --END-- [ RunTime:0.001000s ]

[ 2018-08-15T16:23:47+08:00 ] 127.0.0.1 /mobileApi/index?service=User.handldMailList
INFO: [ app_init ] --START--
INFO: Run Behavior\BuildLiteBehavior [ RunTime:0.000000s ]
INFO: [ app_init ] --END-- [ RunTime:0.001000s ]
INFO: [ app_begin ] --START--
INFO: Run Behavior\ReadHtmlCacheBehavior [ RunTime:0.001000s ]
INFO: [ app_begin ] --END-- [ RunTime:0.001000s ]
NOTIC: [2] json_decode() expects parameter 1 to be string, array given D:\workspace\wakuang-app\code\api\App\Common\Common\Redis.class.php 第 63 行.
NOTIC: [2] json_decode() expects parameter 1 to be string, array given D:\workspace\wakuang-app\code\api\App\Common\Common\Redis.class.php 第 63 行.
SQL: SHOW COLUMNS FROM `d_user_maillist` [ RunTime:0.0020s ]
SQL: SELECT `phone` FROM `d_user_maillist` WHERE `user_id` = 85  [ RunTime:0.0000s ]
NOTIC: [2] Invalid argument supplied for foreach() D:\workspace\wakuang-app\code\api\App\MobileApi\Api\ApiUser.class.php 第 1033 行.
INFO: [ app_end ] --START--
INFO: Run Behavior\ShowPageTraceBehavior [ RunTime:0.001000s ]
INFO: [ app_end ] --END-- [ RunTime:0.001000s ]

[ 2018-08-15T16:24:08+08:00 ] 127.0.0.1 /mobileApi/index?service=User.handldMailList
INFO: [ app_init ] --START--
INFO: Run Behavior\BuildLiteBehavior [ RunTime:0.000000s ]
INFO: [ app_init ] --END-- [ RunTime:0.000000s ]
INFO: [ app_begin ] --START--
INFO: Run Behavior\ReadHtmlCacheBehavior [ RunTime:0.001000s ]
INFO: [ app_begin ] --END-- [ RunTime:0.001000s ]
NOTIC: [2] json_decode() expects parameter 1 to be string, array given D:\workspace\wakuang-app\code\api\App\Common\Common\Redis.class.php 第 63 行.
NOTIC: [2] json_decode() expects parameter 1 to be string, array given D:\workspace\wakuang-app\code\api\App\Common\Common\Redis.class.php 第 63 行.
SQL: SHOW COLUMNS FROM `d_user_maillist` [ RunTime:0.0010s ]
SQL: SELECT `phone` FROM `d_user_maillist` WHERE `user_id` = 85  [ RunTime:0.0000s ]
NOTIC: [2] Invalid argument supplied for foreach() D:\workspace\wakuang-app\code\api\App\MobileApi\Api\ApiUser.class.php 第 1033 行.
INFO: [ app_end ] --START--
INFO: Run Behavior\ShowPageTraceBehavior [ RunTime:0.000000s ]
INFO: [ app_end ] --END-- [ RunTime:0.000000s ]

[ 2018-08-15T16:24:31+08:00 ] 127.0.0.1 /mobileApi/index?service=User.handldMailList
INFO: [ app_init ] --START--
INFO: Run Behavior\BuildLiteBehavior [ RunTime:0.000000s ]
INFO: [ app_init ] --END-- [ RunTime:0.000000s ]
INFO: [ app_begin ] --START--
INFO: Run Behavior\ReadHtmlCacheBehavior [ RunTime:0.000000s ]
INFO: [ app_begin ] --END-- [ RunTime:0.000000s ]
NOTIC: [2] json_decode() expects parameter 1 to be string, array given D:\workspace\wakuang-app\code\api\App\Common\Common\Redis.class.php 第 63 行.
SQL: SHOW COLUMNS FROM `d_user_maillist` [ RunTime:0.0010s ]
SQL: SELECT `phone` FROM `d_user_maillist` WHERE `user_id` = 0  [ RunTime:0.0010s ]
NOTIC: [2] Invalid argument supplied for foreach() D:\workspace\wakuang-app\code\api\App\MobileApi\Api\ApiUser.class.php 第 1033 行.
INFO: [ app_end ] --START--
INFO: Run Behavior\ShowPageTraceBehavior [ RunTime:0.001000s ]
INFO: [ app_end ] --END-- [ RunTime:0.001000s ]

[ 2018-08-15T16:25:00+08:00 ] 127.0.0.1 /mobileApi/index?service=User.handldMailList
INFO: [ app_init ] --START--
INFO: Run Behavior\BuildLiteBehavior [ RunTime:0.000000s ]
INFO: [ app_init ] --END-- [ RunTime:0.000000s ]
INFO: [ app_begin ] --START--
INFO: Run Behavior\ReadHtmlCacheBehavior [ RunTime:0.000000s ]
INFO: [ app_begin ] --END-- [ RunTime:0.000000s ]
NOTIC: [2] json_decode() expects parameter 1 to be string, array given D:\workspace\wakuang-app\code\api\App\Common\Common\Redis.class.php 第 63 行.
SQL: SHOW COLUMNS FROM `d_user_maillist` [ RunTime:0.0020s ]
SQL: SELECT `phone` FROM `d_user_maillist` WHERE `user_id` = 0  [ RunTime:0.0010s ]
NOTIC: [2] Invalid argument supplied for foreach() D:\workspace\wakuang-app\code\api\App\MobileApi\Api\ApiUser.class.php 第 1033 行.
INFO: [ app_end ] --START--
INFO: Run Behavior\ShowPageTraceBehavior [ RunTime:0.000000s ]
INFO: [ app_end ] --END-- [ RunTime:0.000000s ]

[ 2018-08-15T16:25:51+08:00 ] 127.0.0.1 /mobileApi/index?service=User.handldMailList
INFO: [ app_init ] --START--
INFO: Run Behavior\BuildLiteBehavior [ RunTime:0.001001s ]
INFO: [ app_init ] --END-- [ RunTime:0.001001s ]
INFO: [ app_begin ] --START--
INFO: Run Behavior\ReadHtmlCacheBehavior [ RunTime:0.001000s ]
INFO: [ app_begin ] --END-- [ RunTime:0.001000s ]
NOTIC: [2] json_decode() expects parameter 1 to be string, array given D:\workspace\wakuang-app\code\api\App\Common\Common\Redis.class.php 第 63 行.
SQL: SHOW COLUMNS FROM `d_user_maillist` [ RunTime:0.0010s ]
SQL: SELECT `phone` FROM `d_user_maillist` WHERE `user_id` = 0  [ RunTime:0.0010s ]
NOTIC: [2] Invalid argument supplied for foreach() D:\workspace\wakuang-app\code\api\App\MobileApi\Api\ApiUser.class.php 第 1033 行.
INFO: [ app_end ] --START--
INFO: Run Behavior\ShowPageTraceBehavior [ RunTime:0.000000s ]
INFO: [ app_end ] --END-- [ RunTime:0.000000s ]

[ 2018-08-15T16:26:03+08:00 ] 127.0.0.1 /mobileApi/index?service=User.login
INFO: [ app_init ] --START--
INFO: Run Behavior\BuildLiteBehavior [ RunTime:0.000000s ]
INFO: [ app_init ] --END-- [ RunTime:0.000000s ]
INFO: [ app_begin ] --START--
INFO: Run Behavior\ReadHtmlCacheBehavior [ RunTime:0.000000s ]
INFO: [ app_begin ] --END-- [ RunTime:0.000000s ]
NOTIC: [2] json_decode() expects parameter 1 to be string, array given D:\workspace\wakuang-app\code\api\App\Common\Common\Redis.class.php 第 63 行.
SQL: SHOW COLUMNS FROM `d_user` [ RunTime:0.0010s ]
SQL: SHOW COLUMNS FROM `d_user_login_count` [ RunTime:0.0010s ]
SQL: SELECT `user_id`,`phone`,`user_sex`,`reg_datetime` FROM `d_user` WHERE `phone` = '15768118003' AND `password` = '9fe00b7142d4f0308132f959b9372de9' AND `user_status` = 1 LIMIT 1   [ RunTime:0.0000s ]
SQL: SHOW COLUMNS FROM `d_user_action_log` [ RunTime:0.0010s ]
SQL: INSERT INTO `d_user_action_log` (`user_id`,`phone`,`log_ip`,`action`,`ret`,`terminal`,`add_datetime`) VALUES ('85','15768118003','127.0.0.1','用户登录','登录成功','3','1534321563') [ RunTime:0.0000s ]
SQL: SHOW COLUMNS FROM `d_user` [ RunTime:0.0020s ]
SQL: SHOW COLUMNS FROM `d_user_login_count` [ RunTime:0.0010s ]
SQL: SELECT `user_key` FROM `d_user` WHERE `user_id` = 85 AND `user_status` = 1 LIMIT 1   [ RunTime:0.0000s ]
INFO: [ app_end ] --START--
INFO: Run Behavior\ShowPageTraceBehavior [ RunTime:0.000000s ]
INFO: [ app_end ] --END-- [ RunTime:0.000000s ]

[ 2018-08-15T16:27:12+08:00 ] 127.0.0.1 /mobileApi/index?service=User.handldMailList
INFO: [ app_init ] --START--
INFO: Run Behavior\BuildLiteBehavior [ RunTime:0.000000s ]
INFO: [ app_init ] --END-- [ RunTime:0.000000s ]
INFO: [ app_begin ] --START--
INFO: Run Behavior\ReadHtmlCacheBehavior [ RunTime:0.000000s ]
INFO: [ app_begin ] --END-- [ RunTime:0.000000s ]
NOTIC: [2] json_decode() expects parameter 1 to be string, array given D:\workspace\wakuang-app\code\api\App\Common\Common\Redis.class.php 第 63 行.
NOTIC: [2] json_decode() expects parameter 1 to be string, array given D:\workspace\wakuang-app\code\api\App\Common\Common\Redis.class.php 第 63 行.
SQL: SHOW COLUMNS FROM `d_user_maillist` [ RunTime:0.0020s ]
SQL: SELECT `phone` FROM `d_user_maillist` WHERE `user_id` = 85  [ RunTime:0.0000s ]
NOTIC: [2] Invalid argument supplied for foreach() D:\workspace\wakuang-app\code\api\App\MobileApi\Api\ApiUser.class.php 第 1033 行.
INFO: [ app_end ] --START--
INFO: Run Behavior\ShowPageTraceBehavior [ RunTime:0.001000s ]
INFO: [ app_end ] --END-- [ RunTime:0.001000s ]

